Voter0	Voter1	Voter2	Voter3	Voter4	Voter5	Voter6	Voter7	Voter8	Voter9
=======	=======	=======	=======	=======	=======	=======	=======	=======	=======
					S
					V p
					B 1	S
						V s
				S		B 2
				V p
				B 3				S
								V s
S								B 4
V s
C
F 1	...	...	...	...	...	...	...	...	...
							S
							V s
							C
...	...	...	...	...	...	...	F 1	...	...
					U 3
...	...	...	...	...	F 1	...	...	...	...
						U 2
...	...	...	...	...	...	F 1	...	...	...
		S
		V p
		B 3							S
									V p
			S						B 4
			V s
			C
...	...	...	F 1	...	...	...	...	...	...
	S
	V p
	C
...	F 1	...	...	...	...	...	...	...	...
				U 3
...	...	...	...	F 1	...	...	...	...	...
								U 2
...	...	...	...	...	...	...	...	F 1	...
