Players: 5    Cards: 32
P0	P1	P2	P3	P4	
		4:28>*	3:25<		
1:9<X		3:22>X	8:14>	4:10>*	
	5:3<			1:8>*	
				3:0#	


Players: 5    Cards: 149
P0	P1	P2	P3	P4	
4:134>	6:128>	6:122>	3:146>*	8:138>	
	5:108>	6:113<*	3:119<		
	3:104>	1:107<*			
7:89<		4:100>	2:98>X	2:96>*	
6:67<	2:73<X	8:75<		6:83<*	
4:62>*		7:55<		1:66>	
1:54>X		3:51<*		5:46>	
		6:40>*		4:36>X	
		#36#			


Players: 5    Cards: 111
P0	P1	P2	P3	P4	
		3:98>	6:101<*	4:107<	
			4:94>*	3:91<	
		1:82>	8:83<*		
			6:76>*	3:73<	
			7:66>*	1:65<	
	3:54>	6:57<*	1:64>X	1:63<	
3:44>	2:47<*	5:49<			
	6:38>*	3:35<			
6:12>	5:30>X	6:24>X		6:18>*	
5:4>				3:9<*	
				4:0#	


Players: 10    Cards: 165
P0	P1	P2	P3	P4	P5	P6	P7	P8	P9	
1:161<						3:148>	2:151<*	8:153<	3:162>X	
				3:124>	8:127<X	6:135<*	7:141<			
			1:114>X	2:115<*		7:117<				
	5:100>X	2:105<*		7:107<						
7:86>*		7:93<X		7:79<						
8:71<*								3:68>		
4:64>*				7:57<						
3:54>				2:52>		6:46>	6:40>*	1:39<X		
7:25<							7:32>*			
1:19<X				3:14>		2:17<*	5:20>X			
				3:6>		5:9<*				
				2:0#		4:2>				


Players: 3    Cards: 47
P0	P1	P2	
4:43<	1:38>	4:39<*	
3:28>	2:31<*	5:33<	
2:19<	7:21<*	4:15<	
7:4>	4:11<X	4:0#	


Players: 8    Cards: 174
P0	P1	P2	P3	P4	P5	P6	P7	
				3:168>	3:171<*			
				1:164>X	3:165<*			
					6:158>*	7:151<		
		1:144>X	4:145<*		2:149<			
	3:134>		7:137<*					
4:116>X	5:111<		2:132>		6:126>	4:122>	2:120>*	
	3:101<						7:104>*	
	4:92>*		3:89<				5:96>	
	2:87<					1:80>	6:81<*	
	6:66>*		7:59<			7:72>	1:79<X	
	4:55<*					7:48>X		
	2:46>*		3:43<					
	8:35<*				3:32>X			
	5:27<*		3:24>					
	1:23<*		7:16>					
	3:13<*		8:5<					
	1:4>X		#4#					


Players: 9    Cards: 122
P0	P1	P2	P3	P4	P5	P6	P7	P8	
4:107<*	4:111<X	6:115<	1:121<					7:100>	
8:92>X		5:87<					5:74>	8:79<*	
		1:65<						8:66>*	
		2:62>	4:58>*	1:57<				1:64>X	
		3:52>X	2:55<*						
			4:48>	8:40>	8:32>X	6:26>*	7:19<		
			5:6>	6:11<*		2:17<			
			3:0#	3:3<					


Players: 5    Cards: 197
P0	P1	P2	P3	P4	
6:174>X	6:168>	7:190>*	4:186>X	6:180>	
	7:160>	1:167<*			
	7:148>X	5:155<X		#148#	


Players: 2    Cards: 22
P0	P1	
2:15<	5:17<*	
#10#X	5:10>X	


Players: 8    Cards: 128
P0	P1	P2	P3	P4	P5	P6	P7	
					1:126>	1:127<*		
		1:106>	6:107<*	8:113<	2:121<	3:123<		
	7:84>	8:91<*	7:99<					
		6:78>*	7:71<					
8:51<	6:59<X	6:65<				1:48>	2:49<*	
6:38>		6:32>*	7:25<				4:44>	
4:17<		4:21<X				7:2>	8:9<*	
						1:0#	1:1<	
