Players: 5    Cards: 65
P0	P1	P2	P3	P4	
8:46>	2:44>	5:60>X	4:56>X	2:54>*	
	1:42>			1:43<*	
4:30>	8:22>X			8:34>*	
2:12>				8:14>*	
7:3<X				2:10>*	
				#3#	


Players: 5    Cards: 30
P0	P1	P2	P3	P4	
5:20>X	2:28>X	3:25<*			
		7:13<X	5:2>	6:7<*	
				2:0#	


Players: 9    Cards: 11
P0	P1	P2	P3	P4	P5	P6	P7	P8	
						3:8>	4:4>*	1:3<	
							3:0#		


Players: 7    Cards: 36
P0	P1	P2	P3	P4	P5	P6	
7:29<*						3:26>	
6:20>*	6:14>X	7:7<					
2:5<					3:0#	2:3<X	


Players: 5    Cards: 62
P0	P1	P2	P3	P4	
	2:60>*	4:56>X	5:51<		
6:39<X	6:45<*		2:33<X	4:35<	
	3:30>*			7:23<X	
	#23#				


Players: 7    Cards: 35
P0	P1	P2	P3	P4	P5	P6	
				3:22>X	6:25<*	4:31<X	
			5:10>X		7:15<*		
3:1<		3:4>*			3:7<X		
		1:0#					


Players: 8    Cards: 146
P0	P1	P2	P3	P4	P5	P6	P7	
			7:130>	8:137<X	1:145<*			
			3:126>*		1:129<X	1:125<		
		1:120>*	4:121<X			3:117<X		
	3:106>	8:109<*						
5:92>	8:97<X	1:105<*						
5:86>		1:91<*						
5:71<		8:78>					2:76>*	
		7:56>					8:63<*	
4:47<		2:51<					3:53<*	
5:39<							3:44>*	
2:25<		6:27<					6:33<*	
4:9<		4:13<*					8:17<X	
5:2>		2:7<*						
		2:0#						


Players: 3    Cards: 142
P0	P1	P2	
6:136>*	5:131<		
6:125<*		5:120>X	
1:119<X	#119#		


Players: 4    Cards: 181
P0	P1	P2	P3	
6:172>*	5:167<		3:178>	
4:163<*	2:151<	8:153<	2:161<	
7:144>	2:142>	6:136>*	5:131<	
7:115<		3:128>	6:122>*	
2:106>*	4:102>	8:94>	7:108>X	
1:93<*		7:86>		
8:78>	4:74>*	5:69<		
4:60>	3:66>*	2:64>		
7:52>*	1:59<X	8:44>		
7:37<*		7:30>		
8:22>X		#22#		


Players: 4    Cards: 167
P0	P1	P2	P3	
2:161<*	2:163<X	2:165<	1:160>	
5:155<X		#153#	2:153<X	
