Players: 8    Cards: 50
P0	P1	P2	P3	P4	P5	P6	P7	
8:35<*	7:43<X						3:32>X	
8:24>		8:16>*	1:15<					
7:2>		6:9<X	2:0#					


Players: 8    Cards: 157
P0	P1	P2	P3	P4	P5	P6	P7	
			7:150>*	4:146>X	3:143<			
		3:138>	2:141<*					
7:114>	2:121<*	8:123<	7:131<					
	2:112>	4:108>*	1:107<					
		1:106>*	3:103<					
		5:98>*	1:97<					
		5:92>	8:84>*		5:79<			
1:64>X	2:65<*	4:67<	8:71<					
	6:58>	6:52>*	7:45<					
	1:38>*	6:39<X	5:33<					
	6:27<					7:12>	8:19<*	
						7:4>	1:11<*	
	2:0#						2:2>	


Players: 9    Cards: 16
P0	P1	P2	P3	P4	P5	P6	P7	P8	
		1:14>X	1:15<*						
	3:8>		3:11<*						
			2:6>	2:4>	4:0#				


Players: 5    Cards: 57
P0	P1	P2	P3	P4	
8:49<*				7:42>	
7:35<*			3:24>	8:27<X	
6:18>	8:10>*	2:8>X	5:3<		
	3:0#				


Players: 10    Cards: 21
P0	P1	P2	P3	P4	P5	P6	P7	P8	P9	
6:9<X	2:15<	4:17<						3:2>X	4:5<*	
									2:0#	
