Voter0	Voter1	Voter2	Voter3	Voter4	Voter5	Voter6	Voter7	Voter8	Voter9	Voter10	Voter11
=======	=======	=======	=======	=======	=======	=======	=======	=======	=======	=======	=======
									S
									V p
									B 1	S
										V s
S										B 2
V s
C
F s	...	...	...	...	...	...	...	...	...	...	...
									U 1
...	...	...	...	...	...	...	...	...	F s	...	...
										U 0
...	...	...	...	...	...	...	...	...	...	F s	...
	S
	V p
	B 1					S
						V p
						B 2					S
											V p
											C
...	...	...	...	...	...	...	...	...	...	...	F p
	U 1
...	F p	...	...	...	...	...	...	...	...	...	...
						U 0		S
...	...	...	...	...	...	F p	...	...	...	...	...
								V p
							S	B 1
							V p
				S			B 2
				V s
				C
...	...	...	...	F p	...	...	...	...	...	...	...
								U 1
...	...	...	...	...	...	...	...	F p	...	...	...
			S				U 0
...	...	...	...	...	...	...	F p	...	...	...	...
			V p		S
		S	B 1		V s
		V s			B 2
		C
...	...	F s	...	...	...	...	...	...	...	...	...
			U 1
...	...	...	F s	...	...	...	...	...	...	...	...
					U 0
...	...	...	...	...	F s	...	...	...	...	...	...
=================
All tours started
