Voter0	Voter1	Voter2	Voter3	Voter4	Voter5	Voter6	Voter7	Voter8	Voter9	Voter10	Voter11
=======	=======	=======	=======	=======	=======	=======	=======	=======	=======	=======	=======
S
V p
B 1	S
	V p
	B 2			S
				V s
				C
...	...	...	...	F p	...	...	...	...	...	...	...
	U 1						S
...	F p	...	...	...	...	...	...	...	...	...	...
U 0										S
F p	...	...	...	...	...	...	...	...	...	...	...
			S			S	V p		S
							B 1			V s
						V s				B 2
						C
...	...	...	...	...	...	F s	...	...	...	...	...
								S		U 1
...	...	...	...	...	...	...	...	...	...	F s	...
							U 0
...	...	...	...	...	...	...	F s	...	...	...	...
									V s
			V p						B 1
			B 2					V p
								C
...	...	...	...	...	...	...	...	F p	...	...	...
		S	U 1
...	...	...	F p	...	...	...	...	...	...	...	...
		b			S						S
									U 0		b
...	...	...	...	...	...	...	...	...	F p	...	...
											V p
		V p									B 1
		B 2			V p
					C
...	...	...	...	...	F p	...	...	...	...	...	...
		U 1
...	...	F p	...	...	...	...	...	...	...	...	...
											U 0
...	...	...	...	...	...	...	...	...	...	...	F p
=================
All tours started
