Voter0	Voter1	Voter2	Voter3	Voter4	Voter5	Voter6	Voter7	Voter8	Voter9	Voter10	Voter11
=======	=======	=======	=======	=======	=======	=======	=======	=======	=======	=======	=======
									S
									V p
S									B 1	S
										V s
V s										B 2
B 3
C									U 2
...	...	...	...	...	...	...	...	...	F s	...	...
										U 1
...	...	...	...	...	...	...	...	...	...	F s	...
U 0
F s	...	...	...	...	...	...	...	...	...	...	...
	S					S
	V p
	B 1					V p					S
						B 2		S			V p
											B 3
	U 2										C
...	F p	...	...	...	...	...	...	...	...	...	...
						U 1
...	...	...	...	...	...	F p	...	...	...	...	...
											U 0
...	...	...	...	...	...	...	...	...	...	...	F p
							S	V p
				S			V p	B 1
			S	V s	S		B 2
				B 3
				C				U 2
...	...	...	...	...	...	...	...	F p	...	...	...
							U 1
...	...	...	...	...	...	...	F p	...	...	...	...
				U 0
...	...	...	...	F p	...	...	...	...	...	...	...
		S	V p
			B 1		V s
		V s			B 2
		B 3
		C	U 2
...	...	...	F s	...	...	...	...	...	...	...	...
					U 1
...	...	...	...	...	F s	...	...	...	...	...	...
		U 0
...	...	F s	...	...	...	...	...	...	...	...	...
=================
All tours started
